<?xml version="1.0" encoding="UTF-8"?>
<!-- Generated by org.testng.reporters.JUnitXMLReporter -->
<testsuite hostname="DESKTOP-TP18Q4P" name="Default test" tests="3" failures="0" timestamp="29 Jun 2019 12:13:41 GMT" time="4.586" errors="0">
  <testcase name="verifyCatalogue_tc02" time="0.566" classname="scripts.Assessment"/>
  <testcase name="verifyDescriptionOfGallary_tc03" time="0.09" classname="scripts.Assessment"/>
  <testcase name="verifyName_tc01" time="0.029" classname="scripts.Assessment"/>
</testsuite> <!-- Default test -->
