<?xml version="1.0" encoding="UTF-8"?>
<testng-results skipped="0" failed="0" total="3" passed="3">
  <reporter-output>
  </reporter-output>
  <suite name="Default suite" duration-ms="4586" started-at="2019-06-29T12:13:36Z" finished-at="2019-06-29T12:13:41Z">
    <groups>
    </groups>
    <test name="Default test" duration-ms="4586" started-at="2019-06-29T12:13:36Z" finished-at="2019-06-29T12:13:41Z">
      <class name="scripts.Assessment">
        <test-method status="PASS" signature="setUp()[pri:0, instance:scripts.Assessment@6d00a15d]" name="setUp" is-config="true" duration-ms="3869" started-at="2019-06-29T22:13:36Z" finished-at="2019-06-29T22:13:40Z">
          <reporter-output>
          </reporter-output>
        </test-method> <!-- setUp -->
        <test-method status="PASS" signature="verifyCatalogue_tc02()[pri:0, instance:scripts.Assessment@6d00a15d]" name="verifyCatalogue_tc02" duration-ms="566" started-at="2019-06-29T22:13:40Z" finished-at="2019-06-29T22:13:41Z">
          <reporter-output>
          </reporter-output>
        </test-method> <!-- verifyCatalogue_tc02 -->
        <test-method status="PASS" signature="verifyDescriptionOfGallary_tc03()[pri:0, instance:scripts.Assessment@6d00a15d]" name="verifyDescriptionOfGallary_tc03" duration-ms="90" started-at="2019-06-29T22:13:41Z" finished-at="2019-06-29T22:13:41Z">
          <reporter-output>
          </reporter-output>
        </test-method> <!-- verifyDescriptionOfGallary_tc03 -->
        <test-method status="PASS" signature="verifyName_tc01()[pri:0, instance:scripts.Assessment@6d00a15d]" name="verifyName_tc01" duration-ms="29" started-at="2019-06-29T22:13:41Z" finished-at="2019-06-29T22:13:41Z">
          <reporter-output>
          </reporter-output>
        </test-method> <!-- verifyName_tc01 -->
        <test-method status="PASS" signature="tearDown()[pri:0, instance:scripts.Assessment@6d00a15d]" name="tearDown" is-config="true" duration-ms="4" started-at="2019-06-29T22:13:41Z" finished-at="2019-06-29T22:13:41Z">
          <reporter-output>
          </reporter-output>
        </test-method> <!-- tearDown -->
      </class> <!-- scripts.Assessment -->
    </test> <!-- Default test -->
  </suite> <!-- Default suite -->
</testng-results>
